  MyForm.cpp
D:\ЧГУ\Курсовые\Структурное программирование\Курсовая работа 1-2\StructProgCourse1-2\Project1\Project1\MyForm.h(31,9): warning C4101: pen: неиспользованная локальная переменная
D:\ЧГУ\Курсовые\Структурное программирование\Курсовая работа 1-2\StructProgCourse1-2\Project1\Project1\MyForm.h(30,14): warning C4101: g: неиспользованная локальная переменная
D:\ЧГУ\Курсовые\Структурное программирование\Курсовая работа 1-2\StructProgCourse1-2\Project1\Project1\MyForm.h(256,40): warning C4244: аргумент: преобразование "double" в "int", возможна потеря данных
D:\ЧГУ\Курсовые\Структурное программирование\Курсовая работа 1-2\StructProgCourse1-2\Project1\Project1\MyForm.h(257,40): warning C4244: аргумент: преобразование "double" в "int", возможна потеря данных
D:\ЧГУ\Курсовые\Структурное программирование\Курсовая работа 1-2\StructProgCourse1-2\Project1\Project1\MyForm.h(284,13): warning C4244: инициализация: преобразование "double" в "int", возможна потеря данных
D:\ЧГУ\Курсовые\Структурное программирование\Курсовая работа 1-2\StructProgCourse1-2\Project1\Project1\MyForm.h(285,17): warning C4244: инициализация: преобразование "double" в "int", возможна потеря данных
D:\ЧГУ\Курсовые\Структурное программирование\Курсовая работа 1-2\StructProgCourse1-2\Project1\Project1\MyForm.h(291,31): warning C4244: аргумент: преобразование "int" в "float", возможна потеря данных
D:\ЧГУ\Курсовые\Структурное программирование\Курсовая работа 1-2\StructProgCourse1-2\Project1\Project1\MyForm.h(294,17): warning C4244: инициализация: преобразование "int" в "float", возможна потеря данных
D:\ЧГУ\Курсовые\Структурное программирование\Курсовая работа 1-2\StructProgCourse1-2\Project1\Project1\MyForm.h(296,34): warning C4244: инициализация: преобразование "double" в "float", возможна потеря данных
D:\ЧГУ\Курсовые\Структурное программирование\Курсовая работа 1-2\StructProgCourse1-2\Project1\Project1\MyForm.h(299,16): warning C4244: аргумент: преобразование "float" в "int", возможна потеря данных
D:\ЧГУ\Курсовые\Структурное программирование\Курсовая работа 1-2\StructProgCourse1-2\Project1\Project1\MyForm.h(299,12): warning C4244: аргумент: преобразование "float" в "int", возможна потеря данных
D:\ЧГУ\Курсовые\Структурное программирование\Курсовая работа 1-2\StructProgCourse1-2\Project1\Project1\MyForm.h(300,16): warning C4244: аргумент: преобразование "float" в "int", возможна потеря данных
D:\ЧГУ\Курсовые\Структурное программирование\Курсовая работа 1-2\StructProgCourse1-2\Project1\Project1\MyForm.h(300,12): warning C4244: аргумент: преобразование "float" в "int", возможна потеря данных
D:\ЧГУ\Курсовые\Структурное программирование\Курсовая работа 1-2\StructProgCourse1-2\Project1\Project1\MyForm.h(301,16): warning C4244: аргумент: преобразование "float" в "int", возможна потеря данных
D:\ЧГУ\Курсовые\Структурное программирование\Курсовая работа 1-2\StructProgCourse1-2\Project1\Project1\MyForm.h(301,12): warning C4244: аргумент: преобразование "float" в "int", возможна потеря данных
  .NETFramework,Version=v4.6.AssemblyAttributes.cpp
  Создание кода...
  MyForm.obj : обнаружен модуль MSIL; для MSIL последовательная компоновка отключена; выполняется полная компоновка
  Project1.vcxproj -> D:\ЧГУ\Курсовые\Структурное программирование\Курсовая работа 1-2\StructProgCourse1-2\Project1\Debug\Project1.exe
